<?xml version="1.0" encoding="UTF-8"?>
<testng-results ignored="0" total="1" passed="1" failed="0" skipped="0">
  <reporter-output>
  </reporter-output>
  <suite started-at="2023-10-22T16:35:55 IST" name="Default suite" finished-at="2023-10-22T16:36:19 IST" duration-ms="23411">
    <groups>
    </groups>
    <test started-at="2023-10-22T16:35:55 IST" name="Default test" finished-at="2023-10-22T16:36:19 IST" duration-ms="23411">
      <class name="com.test.LoginTest">
        <test-method is-config="true" signature="setUp()[pri:0, instance:com.test.LoginTest@2d52216b]" started-at="2023-10-22T16:35:56 IST" name="setUp" finished-at="2023-10-22T16:36:10 IST" duration-ms="14010" status="PASS">
          <reporter-output>
          </reporter-output>
        </test-method> <!-- setUp -->
        <test-method signature="loginTest()[pri:0, instance:com.test.LoginTest@2d52216b]" started-at="2023-10-22T16:36:10 IST" name="loginTest" finished-at="2023-10-22T16:36:19 IST" duration-ms="9244" status="PASS">
          <reporter-output>
          </reporter-output>
        </test-method> <!-- loginTest -->
        <test-method is-config="true" signature="tearDown()[pri:0, instance:com.test.LoginTest@2d52216b]" started-at="2023-10-22T16:36:19 IST" name="tearDown" finished-at="2023-10-22T16:36:19 IST" duration-ms="2" status="PASS">
          <reporter-output>
          </reporter-output>
        </test-method> <!-- tearDown -->
      </class> <!-- com.test.LoginTest -->
    </test> <!-- Default test -->
  </suite> <!-- Default suite -->
</testng-results>
